#-----------------------------------------------------------
# Vivado v2022.2 (64-bit)
# SW Build 3671981 on Fri Oct 14 05:00:03 MDT 2022
# IP Build 3669848 on Fri Oct 14 08:30:02 MDT 2022
# Start of session at: Sun Apr 21 01:36:35 2024
# Process ID: 3840
# Current directory: C:/Users/flowersAREBEAUTIFUL/AppData/Roaming/Xilinx/Vivado
# Command line: vivado.exe -gui_launcher_event rodinguilauncherevent10712
# Log file: C:/Users/flowersAREBEAUTIFUL/AppData/Roaming/Xilinx/Vivado/vivado.log
# Journal file: C:/Users/flowersAREBEAUTIFUL/AppData/Roaming/Xilinx/Vivado\vivado.jou
# Running On: DESKTOP-O5LN0NA, OS: Windows, CPU Frequency: 2296 MHz, CPU Physical cores: 12, Host memory: 16483 MB
#-----------------------------------------------------------
start_gui
WARNING: [Board 49-26] cannot add Board Part xilinx.com:vek280_es:part0:1.0 available at C:/Xilinx/Vivado/2022.2/data/xhub/boards/XilinxBoardStore/boards/Xilinx/vek280/es/1.0/board.xml as part xcve2802-vsvh1760-2lp-e-s-es1 specified in board_part file is either invalid or not available
WARNING: [Board 49-26] cannot add Board Part xilinx.com:vhk158_es:part0:1.0 available at C:/Xilinx/Vivado/2022.2/data/xhub/boards/XilinxBoardStore/boards/Xilinx/vhk158/es/1.0/board.xml as part xcvh1582-vsva3697-2mp-e-s-es1 specified in board_part file is either invalid or not available
WARNING: [Board 49-26] cannot add Board Part xilinx.com:vpk120_es:part0:1.2 available at C:/Xilinx/Vivado/2022.2/data/xhub/boards/XilinxBoardStore/boards/Xilinx/vpk120/es/1.2/board.xml as part xcvp1202-vsva2785-2mp-e-s-es1 specified in board_part file is either invalid or not available
WARNING: [Board 49-26] cannot add Board Part xilinx.com:vpk120_es_revb:part0:1.0 available at C:/Xilinx/Vivado/2022.2/data/xhub/boards/XilinxBoardStore/boards/Xilinx/vpk120_revb/es/1.0/board.xml as part xcvp1202-vsva2785-2mp-e-s-es1 specified in board_part file is either invalid or not available
WARNING: [Board 49-26] cannot add Board Part xilinx.com:vpk180_es:part0:1.0 available at C:/Xilinx/Vivado/2022.2/data/xhub/boards/XilinxBoardStore/boards/Xilinx/vpk180/es/1.0/board.xml as part xcvp1802-lsvc4072-2mp-e-s-es1 specified in board_part file is either invalid or not available
WARNING: [Board 49-26] cannot add Board Part xilinx.com:zcu208ld:part0:2.0 available at C:/Xilinx/Vivado/2022.2/data/xhub/boards/XilinxBoardStore/boards/Xilinx/zcu208ld/production/2.0/board.xml as part xczu58dr-fsvg1517-2-i specified in board_part file is either invalid or not available
WARNING: [Board 49-26] cannot add Board Part xilinx.com:zcu216ld:part0:2.0 available at C:/Xilinx/Vivado/2022.2/data/xhub/boards/XilinxBoardStore/boards/Xilinx/zcu216ld/production/2.0/board.xml as part xczu59dr-ffvf1760-2-i specified in board_part file is either invalid or not available
WARNING: [Board 49-26] cannot add Board Part xilinx.com:zcu670:part0:2.0 available at C:/Xilinx/Vivado/2022.2/data/xhub/boards/XilinxBoardStore/boards/Xilinx/zcu670/2.0/board.xml as part xczu67dr-fsve1156-2-i specified in board_part file is either invalid or not available
WARNING: [Board 49-26] cannot add Board Part xilinx.com:zcu670ld:part0:1.0 available at C:/Xilinx/Vivado/2022.2/data/xhub/boards/XilinxBoardStore/boards/Xilinx/zcu670ld/1.0/board.xml as part xczu57dr-fsve1156-2-i specified in board_part file is either invalid or not available

open_project C:/Users/flowersAREBEAUTIFUL/ECE385/lab6/lab6.xpr
Scanning sources...
Finished scanning sources
INFO: [IP_Flow 19-234] Refreshing IP repositories
INFO: [IP_Flow 19-1700] Loaded user IP repository 'c:/Users/flowersAREBEAUTIFUL/ECE385/RD_hdmi_ip2020'.
INFO: [IP_Flow 19-2313] Loaded Vivado IP repository 'C:/Xilinx/Vivado/2022.2/data/ip'.
open_project: Time (s): cpu = 00:00:14 ; elapsed = 00:00:09 . Memory (MB): peak = 1676.277 ; gain = 126.062
update_compile_order -fileset sources_1
archive_project C:/Users/flowersAREBEAUTIFUL/ECE385/doodle_pc.xpr.zip -temp_dir C:/Users/flowersAREBEAUTIFUL/AppData/Roaming/Xilinx/Vivado/.Xil/Vivado-12724-DESKTOP-O5LN0NA -force -include_local_ip_cache -include_config_settings
INFO: [Coretcl 2-137] starting archive...
INFO: [Coretcl 2-1499] Saving project copy to temporary location 'C:/Users/flowersAREBEAUTIFUL/AppData/Roaming/Xilinx/Vivado/.Xil/Vivado-12724-DESKTOP-O5LN0NA' for archiving project
Scanning sources...
Finished scanning sources
INFO: [IP_Flow 19-234] Refreshing IP repositories
INFO: [IP_Flow 19-1700] Loaded user IP repository 'c:/Users/flowersAREBEAUTIFUL/ECE385/RD_hdmi_ip2020'.
INFO: [IP_Flow 19-2313] Loaded Vivado IP repository 'C:/Xilinx/Vivado/2022.2/data/ip'.
INFO: [Coretcl 2-1211] Creating project copy for archival...
INFO: [ProjectBase 1-495] The host OS only allows 260 characters in a normal path. The project is stored in a path with more than 80 characters. If you experience any problem with archiving the project, please consider setting environment variable $TEMP to a shorter path.
Current project path is 'C:/Users/flowersAREBEAUTIFUL/AppData/Roaming/Xilinx/Vivado/.Xil/Vivado-12724-DESKTOP-O5LN0NA/PrjAr/_X_'.
INFO: [Coretcl 2-1213] Including run results for 'synth_1'
INFO: [Coretcl 2-1213] Including run results for 'hdmi_tx_0_synth_1'
INFO: [Coretcl 2-1213] Including run results for 'clk_wiz_0_synth_1'
INFO: [Coretcl 2-1213] Including run results for 'mb_usb_clk_wiz_1_0_synth_1'
INFO: [Coretcl 2-1213] Including run results for 'mb_usb_lmb_bram_0_synth_1'
INFO: [Coretcl 2-1213] Including run results for 'impl_1'
INFO: [Coretcl 2-133] re-setting run 'hdmi_tx_0_impl_1'...
INFO: [Coretcl 2-133] re-setting run 'clk_wiz_0_impl_1'...
INFO: [Coretcl 2-133] re-setting run 'mb_usb_clk_wiz_1_0_impl_1'...
INFO: [Coretcl 2-133] re-setting run 'mb_usb_lmb_bram_0_impl_1'...
INFO: [Coretcl 2-1212] Importing remotely added design sources and verilog include files (if any)...
INFO: [filemgmt 20-334] All file(s) are already imported in fileset: 'clk_wiz_0'
INFO: [filemgmt 20-348] Importing the appropriate files for fileset: 'clk_wiz_0'
INFO: [filemgmt 20-334] All file(s) are already imported in fileset: 'hdmi_tx_0'
INFO: [filemgmt 20-348] Importing the appropriate files for fileset: 'hdmi_tx_0'
INFO: [filemgmt 20-334] All file(s) are already imported in fileset: 'mb_usb_clk_wiz_1_0'
INFO: [filemgmt 20-348] Importing the appropriate files for fileset: 'mb_usb_clk_wiz_1_0'
INFO: [filemgmt 20-334] All file(s) are already imported in fileset: 'mb_usb_lmb_bram_0'
INFO: [filemgmt 20-348] Importing the appropriate files for fileset: 'mb_usb_lmb_bram_0'
INFO: [filemgmt 20-334] All file(s) are already imported in fileset: 'constrs_1'
INFO: [filemgmt 20-348] Importing the appropriate files for fileset: 'constrs_1'
INFO: [filemgmt 20-334] All file(s) are already imported in fileset: 'sources_1'
INFO: [filemgmt 20-348] Importing the appropriate files for fileset: 'sources_1'
INFO: [filemgmt 20-334] All file(s) are already imported in fileset: 'utils_1'
INFO: [filemgmt 20-348] Importing the appropriate files for fileset: 'utils_1'
