INFO: [VRFC 10-2263] Analyzing Verilog file "C:/Users/flowersAREBEAUTIFUL/ECE385/final_project_bounce_around/doodle_pc.xpr/lab6/lab6.sim/sim_1/synth/func/xsim/player_tb_func_synth.v" into library xil_defaultlib
INFO: [VRFC 10-311] analyzing module clk_wiz_0
INFO: [VRFC 10-311] analyzing module clk_wiz_0_clk_wiz
INFO: [VRFC 10-311] analyzing module color_mapper
INFO: [VRFC 10-311] analyzing module fsm
INFO: [VRFC 10-311] analyzing module hdmi_tx_0
INFO: [VRFC 10-311] analyzing module hdmi_tx_0_encode
INFO: [VRFC 10-311] analyzing module hdmi_tx_0_encode__parameterized0
INFO: [VRFC 10-311] analyzing module hdmi_tx_0_encode__parameterized1
INFO: [VRFC 10-311] analyzing module hdmi_tx_0_hdmi_tx_v1_0
INFO: [VRFC 10-311] analyzing module hdmi_tx_0_serdes_10_to_1
INFO: [VRFC 10-311] analyzing module hdmi_tx_0_serdes_10_to_1_0
INFO: [VRFC 10-311] analyzing module hdmi_tx_0_serdes_10_to_1_1
INFO: [VRFC 10-311] analyzing module hdmi_tx_0_serdes_10_to_1_2
INFO: [VRFC 10-311] analyzing module hdmi_tx_0_srldelay
INFO: [VRFC 10-311] analyzing module hex_driver
INFO: [VRFC 10-311] analyzing module lfsr
INFO: [VRFC 10-311] analyzing module lfsr_0
INFO: [VRFC 10-311] analyzing module lfsr_1
INFO: [VRFC 10-311] analyzing module lfsr_10
INFO: [VRFC 10-311] analyzing module lfsr_11
INFO: [VRFC 10-311] analyzing module lfsr_12
INFO: [VRFC 10-311] analyzing module lfsr_13
INFO: [VRFC 10-311] analyzing module lfsr_14
INFO: [VRFC 10-311] analyzing module lfsr_15
INFO: [VRFC 10-311] analyzing module lfsr_16
INFO: [VRFC 10-311] analyzing module lfsr_17
INFO: [VRFC 10-311] analyzing module lfsr_18
INFO: [VRFC 10-311] analyzing module lfsr_19
INFO: [VRFC 10-311] analyzing module lfsr_2
INFO: [VRFC 10-311] analyzing module lfsr_20
INFO: [VRFC 10-311] analyzing module lfsr_21
INFO: [VRFC 10-311] analyzing module lfsr_22
INFO: [VRFC 10-311] analyzing module lfsr_23
INFO: [VRFC 10-311] analyzing module lfsr_24
INFO: [VRFC 10-311] analyzing module lfsr_25
INFO: [VRFC 10-311] analyzing module lfsr_26
INFO: [VRFC 10-311] analyzing module lfsr_27
INFO: [VRFC 10-311] analyzing module lfsr_28
INFO: [VRFC 10-311] analyzing module lfsr_29
INFO: [VRFC 10-311] analyzing module lfsr_3
INFO: [VRFC 10-311] analyzing module lfsr_30
INFO: [VRFC 10-311] analyzing module lfsr_31
INFO: [VRFC 10-311] analyzing module lfsr_32
INFO: [VRFC 10-311] analyzing module lfsr_33
INFO: [VRFC 10-311] analyzing module lfsr_34
INFO: [VRFC 10-311] analyzing module lfsr_4
INFO: [VRFC 10-311] analyzing module lfsr_5
INFO: [VRFC 10-311] analyzing module lfsr_6
INFO: [VRFC 10-311] analyzing module lfsr_7
INFO: [VRFC 10-311] analyzing module lfsr_8
INFO: [VRFC 10-311] analyzing module lfsr_9
INFO: [VRFC 10-311] analyzing module mb_usb
INFO: [VRFC 10-311] analyzing module mb_usb_axi_uartlite_0_0
INFO: [VRFC 10-311] analyzing module mb_usb_axi_uartlite_0_0_address_decoder
INFO: [VRFC 10-311] analyzing module mb_usb_axi_uartlite_0_0_axi_lite_ipif
INFO: [VRFC 10-311] analyzing module mb_usb_axi_uartlite_0_0_axi_uartlite
INFO: [VRFC 10-311] analyzing module mb_usb_axi_uartlite_0_0_baudrate
INFO: [VRFC 10-311] analyzing module mb_usb_axi_uartlite_0_0_cdc_sync
INFO: [VRFC 10-311] analyzing module mb_usb_axi_uartlite_0_0_cntr_incr_decr_addn_f
INFO: [VRFC 10-311] analyzing module mb_usb_axi_uartlite_0_0_cntr_incr_decr_addn_f_2
INFO: [VRFC 10-311] analyzing module mb_usb_axi_uartlite_0_0_dynshreg_f
INFO: [VRFC 10-311] analyzing module mb_usb_axi_uartlite_0_0_dynshreg_f_3
INFO: [VRFC 10-311] analyzing module mb_usb_axi_uartlite_0_0_pselect_f
INFO: [VRFC 10-311] analyzing module mb_usb_axi_uartlite_0_0_pselect_f__parameterized1
INFO: [VRFC 10-311] analyzing module mb_usb_axi_uartlite_0_0_slave_attachment
INFO: [VRFC 10-311] analyzing module mb_usb_axi_uartlite_0_0_srl_fifo_f
INFO: [VRFC 10-311] analyzing module mb_usb_axi_uartlite_0_0_srl_fifo_f_0
INFO: [VRFC 10-311] analyzing module mb_usb_axi_uartlite_0_0_srl_fifo_rbu_f
INFO: [VRFC 10-311] analyzing module mb_usb_axi_uartlite_0_0_srl_fifo_rbu_f_1
INFO: [VRFC 10-311] analyzing module mb_usb_axi_uartlite_0_0_uartlite_core
INFO: [VRFC 10-311] analyzing module mb_usb_axi_uartlite_0_0_uartlite_rx
INFO: [VRFC 10-311] analyzing module mb_usb_axi_uartlite_0_0_uartlite_tx
INFO: [VRFC 10-311] analyzing module mb_usb_clk_wiz_1_0
INFO: [VRFC 10-311] analyzing module mb_usb_clk_wiz_1_0_clk_wiz
INFO: [VRFC 10-311] analyzing module mb_usb_dlmb_bram_if_cntlr_0
INFO: [VRFC 10-311] analyzing module mb_usb_dlmb_bram_if_cntlr_0_lmb_bram_if_cntlr
INFO: [VRFC 10-311] analyzing module mb_usb_dlmb_v10_0
INFO: [VRFC 10-311] analyzing module mb_usb_dlmb_v10_0_lmb_v10
INFO: [VRFC 10-311] analyzing module mb_usb_gpio_usb_int_0
INFO: [VRFC 10-311] analyzing module mb_usb_gpio_usb_int_0_GPIO_Core
INFO: [VRFC 10-311] analyzing module mb_usb_gpio_usb_int_0_address_decoder
INFO: [VRFC 10-311] analyzing module mb_usb_gpio_usb_int_0_axi_gpio
INFO: [VRFC 10-311] analyzing module mb_usb_gpio_usb_int_0_axi_lite_ipif
INFO: [VRFC 10-311] analyzing module mb_usb_gpio_usb_int_0_cdc_sync
INFO: [VRFC 10-311] analyzing module mb_usb_gpio_usb_int_0_interrupt_control
INFO: [VRFC 10-311] analyzing module mb_usb_gpio_usb_int_0_slave_attachment
INFO: [VRFC 10-311] analyzing module mb_usb_gpio_usb_keycode_0
INFO: [VRFC 10-311] analyzing module mb_usb_gpio_usb_keycode_0_GPIO_Core
INFO: [VRFC 10-311] analyzing module mb_usb_gpio_usb_keycode_0_address_decoder
INFO: [VRFC 10-311] analyzing module mb_usb_gpio_usb_keycode_0_axi_gpio
INFO: [VRFC 10-311] analyzing module mb_usb_gpio_usb_keycode_0_axi_lite_ipif
INFO: [VRFC 10-311] analyzing module mb_usb_gpio_usb_keycode_0_pselect_f
INFO: [VRFC 10-311] analyzing module mb_usb_gpio_usb_keycode_0_pselect_f__parameterized1
INFO: [VRFC 10-311] analyzing module mb_usb_gpio_usb_keycode_0_slave_attachment
INFO: [VRFC 10-311] analyzing module mb_usb_gpio_usb_rst_0
INFO: [VRFC 10-311] analyzing module mb_usb_gpio_usb_rst_0_GPIO_Core
INFO: [VRFC 10-311] analyzing module mb_usb_gpio_usb_rst_0_address_decoder
INFO: [VRFC 10-311] analyzing module mb_usb_gpio_usb_rst_0_axi_gpio
INFO: [VRFC 10-311] analyzing module mb_usb_gpio_usb_rst_0_axi_lite_ipif
INFO: [VRFC 10-311] analyzing module mb_usb_gpio_usb_rst_0_pselect_f
INFO: [VRFC 10-311] analyzing module mb_usb_gpio_usb_rst_0_pselect_f__parameterized1
INFO: [VRFC 10-311] analyzing module mb_usb_gpio_usb_rst_0_slave_attachment
INFO: [VRFC 10-311] analyzing module mb_usb_hdmi_top
INFO: [VRFC 10-311] analyzing module mb_usb_ilmb_bram_if_cntlr_0
INFO: [VRFC 10-311] analyzing module mb_usb_ilmb_bram_if_cntlr_0_lmb_bram_if_cntlr
INFO: [VRFC 10-311] analyzing module mb_usb_ilmb_v10_0
INFO: [VRFC 10-311] analyzing module mb_usb_ilmb_v10_0_lmb_v10
INFO: [VRFC 10-311] analyzing module mb_usb_lmb_bram_0
INFO: [VRFC 10-311] analyzing module mb_usb_mdm_1_0
INFO: [VRFC 10-311] analyzing module mb_usb_mdm_1_0_JTAG_CONTROL
INFO: [VRFC 10-311] analyzing module mb_usb_mdm_1_0_MB_BSCANE2
INFO: [VRFC 10-311] analyzing module mb_usb_mdm_1_0_MB_BUFGCE_1
INFO: [VRFC 10-311] analyzing module mb_usb_mdm_1_0_MB_FDC_1
INFO: [VRFC 10-311] analyzing module mb_usb_mdm_1_0_MB_FDRE_1
INFO: [VRFC 10-311] analyzing module mb_usb_mdm_1_0_MB_LUT1
INFO: [VRFC 10-311] analyzing module mb_usb_mdm_1_0_MB_SRL16E
INFO: [VRFC 10-311] analyzing module mb_usb_mdm_1_0_MB_SRL16E__parameterized1
INFO: [VRFC 10-311] analyzing module mb_usb_mdm_1_0_MB_SRL16E__parameterized3
INFO: [VRFC 10-311] analyzing module mb_usb_mdm_1_0_MB_SRL16E__parameterized5
INFO: [VRFC 10-311] analyzing module mb_usb_mdm_1_0_MDM
INFO: [VRFC 10-311] analyzing module mb_usb_mdm_1_0_MDM_Core
INFO: [VRFC 10-311] analyzing module mb_usb_microblaze_0_0
INFO: [VRFC 10-311] analyzing module mb_usb_microblaze_0_axi_intc_0
INFO: [VRFC 10-311] analyzing module mb_usb_microblaze_0_axi_intc_0_address_decoder
INFO: [VRFC 10-311] analyzing module mb_usb_microblaze_0_axi_intc_0_axi_intc
INFO: [VRFC 10-311] analyzing module mb_usb_microblaze_0_axi_intc_0_axi_lite_ipif
INFO: [VRFC 10-311] analyzing module mb_usb_microblaze_0_axi_intc_0_intc_core
INFO: [VRFC 10-311] analyzing module mb_usb_microblaze_0_axi_intc_0_shared_ram_ivar
INFO: [VRFC 10-311] analyzing module mb_usb_microblaze_0_axi_intc_0_slave_attachment
INFO: [VRFC 10-311] analyzing module mb_usb_microblaze_0_axi_periph_0
INFO: [VRFC 10-311] analyzing module mb_usb_rst_clk_wiz_1_100M_0
INFO: [VRFC 10-311] analyzing module mb_usb_rst_clk_wiz_1_100M_0_cdc_sync
INFO: [VRFC 10-311] analyzing module mb_usb_rst_clk_wiz_1_100M_0_cdc_sync_0
INFO: [VRFC 10-311] analyzing module mb_usb_rst_clk_wiz_1_100M_0_lpf
INFO: [VRFC 10-311] analyzing module mb_usb_rst_clk_wiz_1_100M_0_proc_sys_reset
INFO: [VRFC 10-311] analyzing module mb_usb_rst_clk_wiz_1_100M_0_sequence_psr
INFO: [VRFC 10-311] analyzing module mb_usb_rst_clk_wiz_1_100M_0_upcnt_n
INFO: [VRFC 10-311] analyzing module mb_usb_spi_usb_0
INFO: [VRFC 10-311] analyzing module mb_usb_spi_usb_0_address_decoder
INFO: [VRFC 10-311] analyzing module mb_usb_spi_usb_0_async_fifo_fg
INFO: [VRFC 10-311] analyzing module mb_usb_spi_usb_0_axi_lite_ipif
INFO: [VRFC 10-311] analyzing module mb_usb_spi_usb_0_axi_lite_ipif_v3_0_4_pselect_f__parameterized0
INFO: [VRFC 10-311] analyzing module mb_usb_spi_usb_0_axi_lite_ipif_v3_0_4_pselect_f__parameterized1
INFO: [VRFC 10-311] analyzing module mb_usb_spi_usb_0_axi_lite_ipif_v3_0_4_pselect_f__parameterized10
INFO: [VRFC 10-311] analyzing module mb_usb_spi_usb_0_axi_lite_ipif_v3_0_4_pselect_f__parameterized11
INFO: [VRFC 10-311] analyzing module mb_usb_spi_usb_0_axi_lite_ipif_v3_0_4_pselect_f__parameterized12
INFO: [VRFC 10-311] analyzing module mb_usb_spi_usb_0_axi_lite_ipif_v3_0_4_pselect_f__parameterized13
INFO: [VRFC 10-311] analyzing module mb_usb_spi_usb_0_axi_lite_ipif_v3_0_4_pselect_f__parameterized14
INFO: [VRFC 10-311] analyzing module mb_usb_spi_usb_0_axi_lite_ipif_v3_0_4_pselect_f__parameterized19
INFO: [VRFC 10-311] analyzing module mb_usb_spi_usb_0_axi_lite_ipif_v3_0_4_pselect_f__parameterized19_17
INFO: [VRFC 10-311] analyzing module mb_usb_spi_usb_0_axi_lite_ipif_v3_0_4_pselect_f__parameterized2
INFO: [VRFC 10-311] analyzing module mb_usb_spi_usb_0_axi_lite_ipif_v3_0_4_pselect_f__parameterized23
INFO: [VRFC 10-311] analyzing module mb_usb_spi_usb_0_axi_lite_ipif_v3_0_4_pselect_f__parameterized23_18
INFO: [VRFC 10-311] analyzing module mb_usb_spi_usb_0_axi_lite_ipif_v3_0_4_pselect_f__parameterized3
INFO: [VRFC 10-311] analyzing module mb_usb_spi_usb_0_axi_lite_ipif_v3_0_4_pselect_f__parameterized4
INFO: [VRFC 10-311] analyzing module mb_usb_spi_usb_0_axi_lite_ipif_v3_0_4_pselect_f__parameterized5
INFO: [VRFC 10-311] analyzing module mb_usb_spi_usb_0_axi_lite_ipif_v3_0_4_pselect_f__parameterized6
INFO: [VRFC 10-311] analyzing module mb_usb_spi_usb_0_axi_lite_ipif_v3_0_4_pselect_f__parameterized7
INFO: [VRFC 10-311] analyzing module mb_usb_spi_usb_0_axi_lite_ipif_v3_0_4_pselect_f__parameterized8
INFO: [VRFC 10-311] analyzing module mb_usb_spi_usb_0_axi_lite_ipif_v3_0_4_pselect_f__parameterized9
INFO: [VRFC 10-311] analyzing module mb_usb_spi_usb_0_axi_quad_spi
INFO: [VRFC 10-311] analyzing module mb_usb_spi_usb_0_axi_quad_spi_top
INFO: [VRFC 10-311] analyzing module mb_usb_spi_usb_0_cdc_sync
INFO: [VRFC 10-311] analyzing module mb_usb_spi_usb_0_cdc_sync_0
INFO: [VRFC 10-311] analyzing module mb_usb_spi_usb_0_counter_f
INFO: [VRFC 10-311] analyzing module mb_usb_spi_usb_0_cross_clk_sync_fifo_1
INFO: [VRFC 10-311] analyzing module mb_usb_spi_usb_0_interrupt_control
INFO: [VRFC 10-311] analyzing module mb_usb_spi_usb_0_qspi_cntrl_reg
INFO: [VRFC 10-311] analyzing module mb_usb_spi_usb_0_qspi_core_interface
INFO: [VRFC 10-311] analyzing module mb_usb_spi_usb_0_qspi_fifo_ifmodule
INFO: [VRFC 10-311] analyzing module mb_usb_spi_usb_0_qspi_mode_0_module
INFO: [VRFC 10-311] analyzing module mb_usb_spi_usb_0_qspi_status_slave_sel_reg
INFO: [VRFC 10-311] analyzing module mb_usb_spi_usb_0_reset_sync_module
INFO: [VRFC 10-311] analyzing module mb_usb_spi_usb_0_slave_attachment
INFO: [VRFC 10-311] analyzing module mb_usb_spi_usb_0_soft_reset
INFO: [VRFC 10-311] analyzing module mb_usb_spi_usb_0_xpm_cdc_gray
INFO: [VRFC 10-311] analyzing module mb_usb_spi_usb_0_xpm_cdc_gray__1
INFO: [VRFC 10-311] analyzing module mb_usb_spi_usb_0_xpm_cdc_gray__2
